<?xml version="1.0" encoding="UTF-8"?>
<testng-results ignored="0" total="18" passed="15" failed="3" skipped="0">
  <reporter-output>
  </reporter-output>
  <suite started-at="2024-02-28T15:55:01 IST" name="Suite_2" finished-at="2024-02-28T15:55:52 IST" duration-ms="50827">
    <groups>
    </groups>
    <test started-at="2024-02-28T15:55:01 IST" name="ChromeTest" finished-at="2024-02-28T15:55:29 IST" duration-ms="28125">
      <class name="testNgPack.VerifyForgotPasswordFunctionality">
        <test-method is-config="true" signature="openBrowser(java.lang.String)[pri:0, instance:testNgPack.VerifyForgotPasswordFunctionality@4802796d]" started-at="2024-02-28T15:55:01 IST" name="openBrowser" finished-at="2024-02-28T15:55:03 IST" duration-ms="2237" status="PASS">
          <params>
            <param index="0">
              <value>
                <![CDATA[Chrome]]>
              </value>
            </param>
          </params>
          <reporter-output>
          </reporter-output>
        </test-method> <!-- openBrowser -->
        <test-method is-config="true" signature="CreatePOMObjects()[pri:0, instance:testNgPack.VerifyForgotPasswordFunctionality@4802796d]" started-at="2024-02-28T15:55:05 IST" name="CreatePOMObjects" finished-at="2024-02-28T15:55:05 IST" duration-ms="84" status="PASS">
          <reporter-output>
          </reporter-output>
        </test-method> <!-- CreatePOMObjects -->
        <test-method is-config="true" signature="openLoginPage()[pri:0, instance:testNgPack.VerifyForgotPasswordFunctionality@4802796d]" started-at="2024-02-28T15:55:05 IST" name="openLoginPage" finished-at="2024-02-28T15:55:08 IST" duration-ms="3322" status="PASS">
          <reporter-output>
          </reporter-output>
        </test-method> <!-- openLoginPage -->
        <test-method signature="verifyTextOnForgotPasswordPage()[pri:1, instance:testNgPack.VerifyForgotPasswordFunctionality@4802796d]" started-at="2024-02-28T15:55:08 IST" name="verifyTextOnForgotPasswordPage" finished-at="2024-02-28T15:55:09 IST" duration-ms="70" status="PASS">
          <reporter-output>
          </reporter-output>
        </test-method> <!-- verifyTextOnForgotPasswordPage -->
        <test-method is-config="true" signature="logOutFromApplication(org.testng.ITestResult)[pri:0, instance:testNgPack.VerifyForgotPasswordFunctionality@4802796d]" started-at="2024-02-28T15:55:09 IST" name="logOutFromApplication" finished-at="2024-02-28T15:55:09 IST" duration-ms="0" status="PASS">
          <params>
            <param index="0">
              <value>
                <![CDATA[[TestResult name=verifyTextOnForgotPasswordPage status=SUCCESS method=VerifyForgotPasswordFunctionality.verifyTextOnForgotPasswordPage()[pri:1, instance:testNgPack.VerifyForgotPasswordFunctionality@4802796d] output={null}]]]>
              </value>
            </param>
          </params>
          <reporter-output>
          </reporter-output>
        </test-method> <!-- logOutFromApplication -->
        <test-method is-config="true" signature="openLoginPage()[pri:0, instance:testNgPack.VerifyForgotPasswordFunctionality@4802796d]" started-at="2024-02-28T15:55:09 IST" name="openLoginPage" finished-at="2024-02-28T15:55:11 IST" duration-ms="2156" status="PASS">
          <reporter-output>
          </reporter-output>
        </test-method> <!-- openLoginPage -->
        <test-method signature="verifyCancelButtonOnForgotPasswordPage()[pri:2, instance:testNgPack.VerifyForgotPasswordFunctionality@4802796d]" started-at="2024-02-28T15:55:11 IST" name="verifyCancelButtonOnForgotPasswordPage" finished-at="2024-02-28T15:55:12 IST" duration-ms="1297" status="PASS">
          <reporter-output>
          </reporter-output>
        </test-method> <!-- verifyCancelButtonOnForgotPasswordPage -->
        <test-method is-config="true" signature="logOutFromApplication(org.testng.ITestResult)[pri:0, instance:testNgPack.VerifyForgotPasswordFunctionality@4802796d]" started-at="2024-02-28T15:55:12 IST" name="logOutFromApplication" finished-at="2024-02-28T15:55:12 IST" duration-ms="0" status="PASS">
          <params>
            <param index="0">
              <value>
                <![CDATA[[TestResult name=verifyCancelButtonOnForgotPasswordPage status=SUCCESS method=VerifyForgotPasswordFunctionality.verifyCancelButtonOnForgotPasswordPage()[pri:2, instance:testNgPack.VerifyForgotPasswordFunctionality@4802796d] output={null}]]]>
              </value>
            </param>
          </params>
          <reporter-output>
          </reporter-output>
        </test-method> <!-- logOutFromApplication -->
        <test-method is-config="true" signature="openLoginPage()[pri:0, instance:testNgPack.VerifyForgotPasswordFunctionality@4802796d]" started-at="2024-02-28T15:55:12 IST" name="openLoginPage" finished-at="2024-02-28T15:55:14 IST" duration-ms="2280" status="PASS">
          <reporter-output>
          </reporter-output>
        </test-method> <!-- openLoginPage -->
        <test-method signature="verifySearchButtonFunctionalityWithWrongId()[pri:3, instance:testNgPack.VerifyForgotPasswordFunctionality@4802796d]" started-at="2024-02-28T15:55:14 IST" name="verifySearchButtonFunctionalityWithWrongId" finished-at="2024-02-28T15:55:18 IST" duration-ms="3437" status="PASS">
          <reporter-output>
          </reporter-output>
        </test-method> <!-- verifySearchButtonFunctionalityWithWrongId -->
        <test-method is-config="true" signature="openLoginPage()[pri:0, instance:testNgPack.VerifyForgotPasswordFunctionality@4802796d]" started-at="2024-02-28T15:55:18 IST" name="openLoginPage" finished-at="2024-02-28T15:55:20 IST" duration-ms="2009" status="PASS">
          <reporter-output>
          </reporter-output>
        </test-method> <!-- openLoginPage -->
        <test-method is-config="true" signature="logOutFromApplication(org.testng.ITestResult)[pri:0, instance:testNgPack.VerifyForgotPasswordFunctionality@4802796d]" started-at="2024-02-28T15:55:18 IST" name="logOutFromApplication" finished-at="2024-02-28T15:55:18 IST" duration-ms="0" status="PASS">
          <params>
            <param index="0">
              <value>
                <![CDATA[[TestResult name=verifySearchButtonFunctionalityWithWrongId status=SUCCESS method=VerifyForgotPasswordFunctionality.verifySearchButtonFunctionalityWithWrongId()[pri:3, instance:testNgPack.VerifyForgotPasswordFunctionality@4802796d] output={null}]]]>
              </value>
            </param>
          </params>
          <reporter-output>
          </reporter-output>
        </test-method> <!-- logOutFromApplication -->
        <test-method signature="verifySearchButtonFunctionalityWithCorrectId()[pri:4, instance:testNgPack.VerifyForgotPasswordFunctionality@4802796d]" started-at="2024-02-28T15:55:20 IST" name="verifySearchButtonFunctionalityWithCorrectId" finished-at="2024-02-28T15:55:24 IST" duration-ms="3782" status="FAIL">
          <exception class="java.lang.AssertionError">
            <message>
              <![CDATA[expected [Log in to Facebook..] but found [Log in to Facebook]]]>
            </message>
            <full-stacktrace>
              <![CDATA[java.lang.AssertionError: expected [Log in to Facebook..] but found [Log in to Facebook]
at org.testng.Assert.fail(Assert.java:111)
at org.testng.Assert.failNotEquals(Assert.java:1578)
at org.testng.Assert.assertEqualsImpl(Assert.java:150)
at org.testng.Assert.assertEquals(Assert.java:132)
at org.testng.Assert.assertEquals(Assert.java:656)
at org.testng.Assert.assertEquals(Assert.java:666)
at testNgPack.VerifyForgotPasswordFunctionality.verifySearchButtonFunctionalityWithCorrectId(VerifyForgotPasswordFunctionality.java:134)
at java.base/jdk.internal.reflect.NativeMethodAccessorImpl.invoke0(Native Method)
at java.base/jdk.internal.reflect.NativeMethodAccessorImpl.invoke(NativeMethodAccessorImpl.java:77)
at java.base/jdk.internal.reflect.DelegatingMethodAccessorImpl.invoke(DelegatingMethodAccessorImpl.java:43)
at java.base/java.lang.reflect.Method.invoke(Method.java:568)
at org.testng.internal.invokers.MethodInvocationHelper.invokeMethod(MethodInvocationHelper.java:139)
at org.testng.internal.invokers.TestInvoker.invokeMethod(TestInvoker.java:664)
at org.testng.internal.invokers.TestInvoker.invokeTestMethod(TestInvoker.java:228)
at org.testng.internal.invokers.MethodRunner.runInSequence(MethodRunner.java:63)
at org.testng.internal.invokers.TestInvoker$MethodInvocationAgent.invoke(TestInvoker.java:961)
at org.testng.internal.invokers.TestInvoker.invokeTestMethods(TestInvoker.java:201)
at org.testng.internal.invokers.TestMethodWorker.invokeTestMethods(TestMethodWorker.java:148)
at org.testng.internal.invokers.TestMethodWorker.run(TestMethodWorker.java:128)
at java.base/java.util.concurrent.Executors$RunnableAdapter.call(Executors.java:539)
at java.base/java.util.concurrent.FutureTask.run(FutureTask.java:264)
at org.testng.internal.thread.graph.TestNGFutureTask.run(TestNGFutureTask.java:22)
at java.base/java.util.concurrent.ThreadPoolExecutor.runWorker(ThreadPoolExecutor.java:1136)
at java.base/java.util.concurrent.ThreadPoolExecutor$Worker.run(ThreadPoolExecutor.java:635)
at java.base/java.lang.Thread.run(Thread.java:833)
]]>
            </full-stacktrace>
          </exception> <!-- java.lang.AssertionError -->
          <reporter-output>
          </reporter-output>
        </test-method> <!-- verifySearchButtonFunctionalityWithCorrectId -->
        <test-method is-config="true" signature="logOutFromApplication(org.testng.ITestResult)[pri:0, instance:testNgPack.VerifyForgotPasswordFunctionality@4802796d]" started-at="2024-02-28T15:55:24 IST" name="logOutFromApplication" finished-at="2024-02-28T15:55:25 IST" duration-ms="1078" status="PASS">
          <params>
            <param index="0">
              <value>
                <![CDATA[[TestResult name=verifySearchButtonFunctionalityWithCorrectId status=FAILURE method=VerifyForgotPasswordFunctionality.verifySearchButtonFunctionalityWithCorrectId()[pri:4, instance:testNgPack.VerifyForgotPasswordFunctionality@4802796d] output={null}]]]>
              </value>
            </param>
          </params>
          <reporter-output>
          </reporter-output>
        </test-method> <!-- logOutFromApplication -->
        <test-method is-config="true" signature="clearObjects()[pri:0, instance:testNgPack.VerifyForgotPasswordFunctionality@4802796d]" started-at="2024-02-28T15:55:25 IST" name="clearObjects" finished-at="2024-02-28T15:55:25 IST" duration-ms="8" status="PASS">
          <reporter-output>
          </reporter-output>
        </test-method> <!-- clearObjects -->
        <test-method is-config="true" signature="closeBrowser()[pri:0, instance:testNgPack.VerifyForgotPasswordFunctionality@4802796d]" started-at="2024-02-28T15:55:28 IST" name="closeBrowser" finished-at="2024-02-28T15:55:29 IST" duration-ms="915" status="PASS">
          <reporter-output>
          </reporter-output>
        </test-method> <!-- closeBrowser -->
      </class> <!-- testNgPack.VerifyForgotPasswordFunctionality -->
      <class name="testNgPack.VerifyLoginAndCreteNewAccFunctionality">
        <test-method is-config="true" signature="openBrowser(java.lang.String)[pri:0, instance:testNgPack.VerifyLoginAndCreteNewAccFunctionality@235834f2]" started-at="2024-02-28T15:55:03 IST" name="openBrowser" finished-at="2024-02-28T15:55:05 IST" duration-ms="1505" status="PASS">
          <params>
            <param index="0">
              <value>
                <![CDATA[Chrome]]>
              </value>
            </param>
          </params>
          <reporter-output>
          </reporter-output>
        </test-method> <!-- openBrowser -->
        <test-method is-config="true" signature="createPOMObject()[pri:0, instance:testNgPack.VerifyLoginAndCreteNewAccFunctionality@235834f2]" started-at="2024-02-28T15:55:05 IST" name="createPOMObject" finished-at="2024-02-28T15:55:05 IST" duration-ms="74" status="PASS">
          <reporter-output>
          </reporter-output>
        </test-method> <!-- createPOMObject -->
        <test-method is-config="true" signature="openLogInPageOnApplication()[pri:0, instance:testNgPack.VerifyLoginAndCreteNewAccFunctionality@235834f2]" started-at="2024-02-28T15:55:05 IST" name="openLogInPageOnApplication" finished-at="2024-02-28T15:55:06 IST" duration-ms="462" status="PASS">
          <reporter-output>
          </reporter-output>
        </test-method> <!-- openLogInPageOnApplication -->
        <test-method signature="verifyLoginFunctionality()[pri:1, instance:testNgPack.VerifyLoginAndCreteNewAccFunctionality@235834f2]" started-at="2024-02-28T15:55:06 IST" name="verifyLoginFunctionality" finished-at="2024-02-28T15:55:11 IST" duration-ms="5036" status="PASS">
          <reporter-output>
          </reporter-output>
        </test-method> <!-- verifyLoginFunctionality -->
        <test-method is-config="true" signature="logOutFromApplication(org.testng.ITestResult)[pri:0, instance:testNgPack.VerifyLoginAndCreteNewAccFunctionality@235834f2]" started-at="2024-02-28T15:55:11 IST" name="logOutFromApplication" finished-at="2024-02-28T15:55:11 IST" duration-ms="4" status="PASS">
          <params>
            <param index="0">
              <value>
                <![CDATA[[TestResult name=verifyLoginFunctionality status=SUCCESS method=VerifyLoginAndCreteNewAccFunctionality.verifyLoginFunctionality()[pri:1, instance:testNgPack.VerifyLoginAndCreteNewAccFunctionality@235834f2] output={null}]]]>
              </value>
            </param>
          </params>
          <reporter-output>
          </reporter-output>
        </test-method> <!-- logOutFromApplication -->
        <test-method is-config="true" signature="openLogInPageOnApplication()[pri:0, instance:testNgPack.VerifyLoginAndCreteNewAccFunctionality@235834f2]" started-at="2024-02-28T15:55:11 IST" name="openLogInPageOnApplication" finished-at="2024-02-28T15:55:11 IST" duration-ms="666" status="PASS">
          <reporter-output>
          </reporter-output>
        </test-method> <!-- openLogInPageOnApplication -->
        <test-method signature="creatNewAccFormFunctionality()[pri:2, instance:testNgPack.VerifyLoginAndCreteNewAccFunctionality@235834f2]" started-at="2024-02-28T15:55:11 IST" name="creatNewAccFormFunctionality" finished-at="2024-02-28T15:55:28 IST" duration-ms="16465" status="PASS">
          <reporter-output>
          </reporter-output>
        </test-method> <!-- creatNewAccFormFunctionality -->
        <test-method is-config="true" signature="logOutFromApplication(org.testng.ITestResult)[pri:0, instance:testNgPack.VerifyLoginAndCreteNewAccFunctionality@235834f2]" started-at="2024-02-28T15:55:28 IST" name="logOutFromApplication" finished-at="2024-02-28T15:55:28 IST" duration-ms="0" status="PASS">
          <params>
            <param index="0">
              <value>
                <![CDATA[[TestResult name=creatNewAccFormFunctionality status=SUCCESS method=VerifyLoginAndCreteNewAccFunctionality.creatNewAccFormFunctionality()[pri:2, instance:testNgPack.VerifyLoginAndCreteNewAccFunctionality@235834f2] output={null}]]]>
              </value>
            </param>
          </params>
          <reporter-output>
          </reporter-output>
        </test-method> <!-- logOutFromApplication -->
        <test-method is-config="true" signature="clearObjects()[pri:0, instance:testNgPack.VerifyLoginAndCreteNewAccFunctionality@235834f2]" started-at="2024-02-28T15:55:28 IST" name="clearObjects" finished-at="2024-02-28T15:55:28 IST" duration-ms="0" status="PASS">
          <reporter-output>
          </reporter-output>
        </test-method> <!-- clearObjects -->
        <test-method is-config="true" signature="closeBrowser()[pri:0, instance:testNgPack.VerifyLoginAndCreteNewAccFunctionality@235834f2]" started-at="2024-02-28T15:55:29 IST" name="closeBrowser" finished-at="2024-02-28T15:55:29 IST" duration-ms="587" status="PASS">
          <reporter-output>
          </reporter-output>
        </test-method> <!-- closeBrowser -->
      </class> <!-- testNgPack.VerifyLoginAndCreteNewAccFunctionality -->
    </test> <!-- ChromeTest -->
    <test started-at="2024-02-28T15:55:01 IST" name="EdgeTest" finished-at="2024-02-28T15:55:37 IST" duration-ms="36004">
      <class name="testNgPack.VerifyForgotPasswordFunctionality">
        <test-method is-config="true" signature="openBrowser(java.lang.String)[pri:0, instance:testNgPack.VerifyForgotPasswordFunctionality@5aa9e4eb]" started-at="2024-02-28T15:55:01 IST" name="openBrowser" finished-at="2024-02-28T15:55:06 IST" duration-ms="4450" status="PASS">
          <params>
            <param index="0">
              <value>
                <![CDATA[Edge]]>
              </value>
            </param>
          </params>
          <reporter-output>
          </reporter-output>
        </test-method> <!-- openBrowser -->
        <test-method is-config="true" signature="CreatePOMObjects()[pri:0, instance:testNgPack.VerifyForgotPasswordFunctionality@5aa9e4eb]" started-at="2024-02-28T15:55:11 IST" name="CreatePOMObjects" finished-at="2024-02-28T15:55:11 IST" duration-ms="0" status="PASS">
          <reporter-output>
          </reporter-output>
        </test-method> <!-- CreatePOMObjects -->
        <test-method is-config="true" signature="openLoginPage()[pri:0, instance:testNgPack.VerifyForgotPasswordFunctionality@5aa9e4eb]" started-at="2024-02-28T15:55:11 IST" name="openLoginPage" finished-at="2024-02-28T15:55:15 IST" duration-ms="4564" status="PASS">
          <reporter-output>
          </reporter-output>
        </test-method> <!-- openLoginPage -->
        <test-method signature="verifyTextOnForgotPasswordPage()[pri:1, instance:testNgPack.VerifyForgotPasswordFunctionality@5aa9e4eb]" started-at="2024-02-28T15:55:15 IST" name="verifyTextOnForgotPasswordPage" finished-at="2024-02-28T15:55:15 IST" duration-ms="161" status="PASS">
          <reporter-output>
          </reporter-output>
        </test-method> <!-- verifyTextOnForgotPasswordPage -->
        <test-method is-config="true" signature="logOutFromApplication(org.testng.ITestResult)[pri:0, instance:testNgPack.VerifyForgotPasswordFunctionality@5aa9e4eb]" started-at="2024-02-28T15:55:15 IST" name="logOutFromApplication" finished-at="2024-02-28T15:55:15 IST" duration-ms="0" status="PASS">
          <params>
            <param index="0">
              <value>
                <![CDATA[[TestResult name=verifyTextOnForgotPasswordPage status=SUCCESS method=VerifyForgotPasswordFunctionality.verifyTextOnForgotPasswordPage()[pri:1, instance:testNgPack.VerifyForgotPasswordFunctionality@5aa9e4eb] output={null}]]]>
              </value>
            </param>
          </params>
          <reporter-output>
          </reporter-output>
        </test-method> <!-- logOutFromApplication -->
        <test-method is-config="true" signature="openLoginPage()[pri:0, instance:testNgPack.VerifyForgotPasswordFunctionality@5aa9e4eb]" started-at="2024-02-28T15:55:15 IST" name="openLoginPage" finished-at="2024-02-28T15:55:18 IST" duration-ms="2921" status="PASS">
          <reporter-output>
          </reporter-output>
        </test-method> <!-- openLoginPage -->
        <test-method signature="verifyCancelButtonOnForgotPasswordPage()[pri:2, instance:testNgPack.VerifyForgotPasswordFunctionality@5aa9e4eb]" started-at="2024-02-28T15:55:18 IST" name="verifyCancelButtonOnForgotPasswordPage" finished-at="2024-02-28T15:55:20 IST" duration-ms="1165" status="PASS">
          <reporter-output>
          </reporter-output>
        </test-method> <!-- verifyCancelButtonOnForgotPasswordPage -->
        <test-method is-config="true" signature="openLoginPage()[pri:0, instance:testNgPack.VerifyForgotPasswordFunctionality@5aa9e4eb]" started-at="2024-02-28T15:55:20 IST" name="openLoginPage" finished-at="2024-02-28T15:55:23 IST" duration-ms="3144" status="PASS">
          <reporter-output>
          </reporter-output>
        </test-method> <!-- openLoginPage -->
        <test-method is-config="true" signature="logOutFromApplication(org.testng.ITestResult)[pri:0, instance:testNgPack.VerifyForgotPasswordFunctionality@5aa9e4eb]" started-at="2024-02-28T15:55:20 IST" name="logOutFromApplication" finished-at="2024-02-28T15:55:20 IST" duration-ms="0" status="PASS">
          <params>
            <param index="0">
              <value>
                <![CDATA[[TestResult name=verifyCancelButtonOnForgotPasswordPage status=SUCCESS method=VerifyForgotPasswordFunctionality.verifyCancelButtonOnForgotPasswordPage()[pri:2, instance:testNgPack.VerifyForgotPasswordFunctionality@5aa9e4eb] output={null}]]]>
              </value>
            </param>
          </params>
          <reporter-output>
          </reporter-output>
        </test-method> <!-- logOutFromApplication -->
        <test-method signature="verifySearchButtonFunctionalityWithWrongId()[pri:3, instance:testNgPack.VerifyForgotPasswordFunctionality@5aa9e4eb]" started-at="2024-02-28T15:55:23 IST" name="verifySearchButtonFunctionalityWithWrongId" finished-at="2024-02-28T15:55:26 IST" duration-ms="3413" status="PASS">
          <reporter-output>
          </reporter-output>
        </test-method> <!-- verifySearchButtonFunctionalityWithWrongId -->
        <test-method is-config="true" signature="logOutFromApplication(org.testng.ITestResult)[pri:0, instance:testNgPack.VerifyForgotPasswordFunctionality@5aa9e4eb]" started-at="2024-02-28T15:55:26 IST" name="logOutFromApplication" finished-at="2024-02-28T15:55:26 IST" duration-ms="4" status="PASS">
          <params>
            <param index="0">
              <value>
                <![CDATA[[TestResult name=verifySearchButtonFunctionalityWithWrongId status=SUCCESS method=VerifyForgotPasswordFunctionality.verifySearchButtonFunctionalityWithWrongId()[pri:3, instance:testNgPack.VerifyForgotPasswordFunctionality@5aa9e4eb] output={null}]]]>
              </value>
            </param>
          </params>
          <reporter-output>
          </reporter-output>
        </test-method> <!-- logOutFromApplication -->
        <test-method is-config="true" signature="openLoginPage()[pri:0, instance:testNgPack.VerifyForgotPasswordFunctionality@5aa9e4eb]" started-at="2024-02-28T15:55:26 IST" name="openLoginPage" finished-at="2024-02-28T15:55:30 IST" duration-ms="3989" status="PASS">
          <reporter-output>
          </reporter-output>
        </test-method> <!-- openLoginPage -->
        <test-method signature="verifySearchButtonFunctionalityWithCorrectId()[pri:4, instance:testNgPack.VerifyForgotPasswordFunctionality@5aa9e4eb]" started-at="2024-02-28T15:55:30 IST" name="verifySearchButtonFunctionalityWithCorrectId" finished-at="2024-02-28T15:55:34 IST" duration-ms="3558" status="FAIL">
          <exception class="java.lang.AssertionError">
            <message>
              <![CDATA[expected [Log in to Facebook..] but found [Log in to Facebook]]]>
            </message>
            <full-stacktrace>
              <![CDATA[java.lang.AssertionError: expected [Log in to Facebook..] but found [Log in to Facebook]
at org.testng.Assert.fail(Assert.java:111)
at org.testng.Assert.failNotEquals(Assert.java:1578)
at org.testng.Assert.assertEqualsImpl(Assert.java:150)
at org.testng.Assert.assertEquals(Assert.java:132)
at org.testng.Assert.assertEquals(Assert.java:656)
at org.testng.Assert.assertEquals(Assert.java:666)
at testNgPack.VerifyForgotPasswordFunctionality.verifySearchButtonFunctionalityWithCorrectId(VerifyForgotPasswordFunctionality.java:134)
at java.base/jdk.internal.reflect.NativeMethodAccessorImpl.invoke0(Native Method)
at java.base/jdk.internal.reflect.NativeMethodAccessorImpl.invoke(NativeMethodAccessorImpl.java:77)
at java.base/jdk.internal.reflect.DelegatingMethodAccessorImpl.invoke(DelegatingMethodAccessorImpl.java:43)
at java.base/java.lang.reflect.Method.invoke(Method.java:568)
at org.testng.internal.invokers.MethodInvocationHelper.invokeMethod(MethodInvocationHelper.java:139)
at org.testng.internal.invokers.TestInvoker.invokeMethod(TestInvoker.java:664)
at org.testng.internal.invokers.TestInvoker.invokeTestMethod(TestInvoker.java:228)
at org.testng.internal.invokers.MethodRunner.runInSequence(MethodRunner.java:63)
at org.testng.internal.invokers.TestInvoker$MethodInvocationAgent.invoke(TestInvoker.java:961)
at org.testng.internal.invokers.TestInvoker.invokeTestMethods(TestInvoker.java:201)
at org.testng.internal.invokers.TestMethodWorker.invokeTestMethods(TestMethodWorker.java:148)
at org.testng.internal.invokers.TestMethodWorker.run(TestMethodWorker.java:128)
at java.base/java.util.concurrent.Executors$RunnableAdapter.call(Executors.java:539)
at java.base/java.util.concurrent.FutureTask.run(FutureTask.java:264)
at org.testng.internal.thread.graph.TestNGFutureTask.run(TestNGFutureTask.java:22)
at java.base/java.util.concurrent.ThreadPoolExecutor.runWorker(ThreadPoolExecutor.java:1136)
at java.base/java.util.concurrent.ThreadPoolExecutor$Worker.run(ThreadPoolExecutor.java:635)
at java.base/java.lang.Thread.run(Thread.java:833)
]]>
            </full-stacktrace>
          </exception> <!-- java.lang.AssertionError -->
          <reporter-output>
          </reporter-output>
        </test-method> <!-- verifySearchButtonFunctionalityWithCorrectId -->
        <test-method is-config="true" signature="logOutFromApplication(org.testng.ITestResult)[pri:0, instance:testNgPack.VerifyForgotPasswordFunctionality@5aa9e4eb]" started-at="2024-02-28T15:55:34 IST" name="logOutFromApplication" finished-at="2024-02-28T15:55:35 IST" duration-ms="888" status="PASS">
          <params>
            <param index="0">
              <value>
                <![CDATA[[TestResult name=verifySearchButtonFunctionalityWithCorrectId status=FAILURE method=VerifyForgotPasswordFunctionality.verifySearchButtonFunctionalityWithCorrectId()[pri:4, instance:testNgPack.VerifyForgotPasswordFunctionality@5aa9e4eb] output={null}]]]>
              </value>
            </param>
          </params>
          <reporter-output>
          </reporter-output>
        </test-method> <!-- logOutFromApplication -->
        <test-method is-config="true" signature="clearObjects()[pri:0, instance:testNgPack.VerifyForgotPasswordFunctionality@5aa9e4eb]" started-at="2024-02-28T15:55:35 IST" name="clearObjects" finished-at="2024-02-28T15:55:35 IST" duration-ms="0" status="PASS">
          <reporter-output>
          </reporter-output>
        </test-method> <!-- clearObjects -->
        <test-method is-config="true" signature="closeBrowser()[pri:0, instance:testNgPack.VerifyForgotPasswordFunctionality@5aa9e4eb]" started-at="2024-02-28T15:55:36 IST" name="closeBrowser" finished-at="2024-02-28T15:55:37 IST" duration-ms="477" status="PASS">
          <reporter-output>
          </reporter-output>
        </test-method> <!-- closeBrowser -->
      </class> <!-- testNgPack.VerifyForgotPasswordFunctionality -->
      <class name="testNgPack.VerifyLoginAndCreteNewAccFunctionality">
        <test-method is-config="true" signature="openBrowser(java.lang.String)[pri:0, instance:testNgPack.VerifyLoginAndCreteNewAccFunctionality@3fc2959f]" started-at="2024-02-28T15:55:06 IST" name="openBrowser" finished-at="2024-02-28T15:55:11 IST" duration-ms="5031" status="PASS">
          <params>
            <param index="0">
              <value>
                <![CDATA[Edge]]>
              </value>
            </param>
          </params>
          <reporter-output>
          </reporter-output>
        </test-method> <!-- openBrowser -->
        <test-method is-config="true" signature="createPOMObject()[pri:0, instance:testNgPack.VerifyLoginAndCreteNewAccFunctionality@3fc2959f]" started-at="2024-02-28T15:55:11 IST" name="createPOMObject" finished-at="2024-02-28T15:55:11 IST" duration-ms="16" status="PASS">
          <reporter-output>
          </reporter-output>
        </test-method> <!-- createPOMObject -->
        <test-method is-config="true" signature="openLogInPageOnApplication()[pri:0, instance:testNgPack.VerifyLoginAndCreteNewAccFunctionality@3fc2959f]" started-at="2024-02-28T15:55:11 IST" name="openLogInPageOnApplication" finished-at="2024-02-28T15:55:12 IST" duration-ms="1766" status="PASS">
          <reporter-output>
          </reporter-output>
        </test-method> <!-- openLogInPageOnApplication -->
        <test-method signature="verifyLoginFunctionality()[pri:1, instance:testNgPack.VerifyLoginAndCreteNewAccFunctionality@3fc2959f]" started-at="2024-02-28T15:55:12 IST" name="verifyLoginFunctionality" finished-at="2024-02-28T15:55:17 IST" duration-ms="4476" status="PASS">
          <reporter-output>
          </reporter-output>
        </test-method> <!-- verifyLoginFunctionality -->
        <test-method is-config="true" signature="logOutFromApplication(org.testng.ITestResult)[pri:0, instance:testNgPack.VerifyLoginAndCreteNewAccFunctionality@3fc2959f]" started-at="2024-02-28T15:55:17 IST" name="logOutFromApplication" finished-at="2024-02-28T15:55:17 IST" duration-ms="3" status="PASS">
          <params>
            <param index="0">
              <value>
                <![CDATA[[TestResult name=verifyLoginFunctionality status=SUCCESS method=VerifyLoginAndCreteNewAccFunctionality.verifyLoginFunctionality()[pri:1, instance:testNgPack.VerifyLoginAndCreteNewAccFunctionality@3fc2959f] output={null}]]]>
              </value>
            </param>
          </params>
          <reporter-output>
          </reporter-output>
        </test-method> <!-- logOutFromApplication -->
        <test-method is-config="true" signature="openLogInPageOnApplication()[pri:0, instance:testNgPack.VerifyLoginAndCreteNewAccFunctionality@3fc2959f]" started-at="2024-02-28T15:55:17 IST" name="openLogInPageOnApplication" finished-at="2024-02-28T15:55:18 IST" duration-ms="883" status="PASS">
          <reporter-output>
          </reporter-output>
        </test-method> <!-- openLogInPageOnApplication -->
        <test-method signature="creatNewAccFormFunctionality()[pri:2, instance:testNgPack.VerifyLoginAndCreteNewAccFunctionality@3fc2959f]" started-at="2024-02-28T15:55:18 IST" name="creatNewAccFormFunctionality" finished-at="2024-02-28T15:55:36 IST" duration-ms="18237" status="PASS">
          <reporter-output>
          </reporter-output>
        </test-method> <!-- creatNewAccFormFunctionality -->
        <test-method is-config="true" signature="logOutFromApplication(org.testng.ITestResult)[pri:0, instance:testNgPack.VerifyLoginAndCreteNewAccFunctionality@3fc2959f]" started-at="2024-02-28T15:55:36 IST" name="logOutFromApplication" finished-at="2024-02-28T15:55:36 IST" duration-ms="0" status="PASS">
          <params>
            <param index="0">
              <value>
                <![CDATA[[TestResult name=creatNewAccFormFunctionality status=SUCCESS method=VerifyLoginAndCreteNewAccFunctionality.creatNewAccFormFunctionality()[pri:2, instance:testNgPack.VerifyLoginAndCreteNewAccFunctionality@3fc2959f] output={null}]]]>
              </value>
            </param>
          </params>
          <reporter-output>
          </reporter-output>
        </test-method> <!-- logOutFromApplication -->
        <test-method is-config="true" signature="clearObjects()[pri:0, instance:testNgPack.VerifyLoginAndCreteNewAccFunctionality@3fc2959f]" started-at="2024-02-28T15:55:36 IST" name="clearObjects" finished-at="2024-02-28T15:55:36 IST" duration-ms="0" status="PASS">
          <reporter-output>
          </reporter-output>
        </test-method> <!-- clearObjects -->
        <test-method is-config="true" signature="closeBrowser()[pri:0, instance:testNgPack.VerifyLoginAndCreteNewAccFunctionality@3fc2959f]" started-at="2024-02-28T15:55:37 IST" name="closeBrowser" finished-at="2024-02-28T15:55:37 IST" duration-ms="613" status="PASS">
          <reporter-output>
          </reporter-output>
        </test-method> <!-- closeBrowser -->
      </class> <!-- testNgPack.VerifyLoginAndCreteNewAccFunctionality -->
    </test> <!-- EdgeTest -->
    <test started-at="2024-02-28T15:55:01 IST" name="FirefoxTest" finished-at="2024-02-28T15:55:52 IST" duration-ms="50827">
      <class name="testNgPack.VerifyForgotPasswordFunctionality">
        <test-method is-config="true" signature="openBrowser(java.lang.String)[pri:0, instance:testNgPack.VerifyForgotPasswordFunctionality@1f2586d6]" started-at="2024-02-28T15:55:01 IST" name="openBrowser" finished-at="2024-02-28T15:55:12 IST" duration-ms="10981" status="PASS">
          <params>
            <param index="0">
              <value>
                <![CDATA[Firefox]]>
              </value>
            </param>
          </params>
          <reporter-output>
          </reporter-output>
        </test-method> <!-- openBrowser -->
        <test-method is-config="true" signature="CreatePOMObjects()[pri:0, instance:testNgPack.VerifyForgotPasswordFunctionality@1f2586d6]" started-at="2024-02-28T15:55:30 IST" name="CreatePOMObjects" finished-at="2024-02-28T15:55:30 IST" duration-ms="6" status="PASS">
          <reporter-output>
          </reporter-output>
        </test-method> <!-- CreatePOMObjects -->
        <test-method is-config="true" signature="openLoginPage()[pri:0, instance:testNgPack.VerifyForgotPasswordFunctionality@1f2586d6]" started-at="2024-02-28T15:55:30 IST" name="openLoginPage" finished-at="2024-02-28T15:55:36 IST" duration-ms="5842" status="PASS">
          <reporter-output>
          </reporter-output>
        </test-method> <!-- openLoginPage -->
        <test-method signature="verifyTextOnForgotPasswordPage()[pri:1, instance:testNgPack.VerifyForgotPasswordFunctionality@1f2586d6]" started-at="2024-02-28T15:55:36 IST" name="verifyTextOnForgotPasswordPage" finished-at="2024-02-28T15:55:36 IST" duration-ms="66" status="PASS">
          <reporter-output>
          </reporter-output>
        </test-method> <!-- verifyTextOnForgotPasswordPage -->
        <test-method is-config="true" signature="logOutFromApplication(org.testng.ITestResult)[pri:0, instance:testNgPack.VerifyForgotPasswordFunctionality@1f2586d6]" started-at="2024-02-28T15:55:36 IST" name="logOutFromApplication" finished-at="2024-02-28T15:55:36 IST" duration-ms="0" status="PASS">
          <params>
            <param index="0">
              <value>
                <![CDATA[[TestResult name=verifyTextOnForgotPasswordPage status=SUCCESS method=VerifyForgotPasswordFunctionality.verifyTextOnForgotPasswordPage()[pri:1, instance:testNgPack.VerifyForgotPasswordFunctionality@1f2586d6] output={null}]]]>
              </value>
            </param>
          </params>
          <reporter-output>
          </reporter-output>
        </test-method> <!-- logOutFromApplication -->
        <test-method is-config="true" signature="openLoginPage()[pri:0, instance:testNgPack.VerifyForgotPasswordFunctionality@1f2586d6]" started-at="2024-02-28T15:55:36 IST" name="openLoginPage" finished-at="2024-02-28T15:55:39 IST" duration-ms="3552" status="PASS">
          <reporter-output>
          </reporter-output>
        </test-method> <!-- openLoginPage -->
        <test-method signature="verifyCancelButtonOnForgotPasswordPage()[pri:2, instance:testNgPack.VerifyForgotPasswordFunctionality@1f2586d6]" started-at="2024-02-28T15:55:39 IST" name="verifyCancelButtonOnForgotPasswordPage" finished-at="2024-02-28T15:55:40 IST" duration-ms="1081" status="PASS">
          <reporter-output>
          </reporter-output>
        </test-method> <!-- verifyCancelButtonOnForgotPasswordPage -->
        <test-method is-config="true" signature="logOutFromApplication(org.testng.ITestResult)[pri:0, instance:testNgPack.VerifyForgotPasswordFunctionality@1f2586d6]" started-at="2024-02-28T15:55:40 IST" name="logOutFromApplication" finished-at="2024-02-28T15:55:40 IST" duration-ms="4" status="PASS">
          <params>
            <param index="0">
              <value>
                <![CDATA[[TestResult name=verifyCancelButtonOnForgotPasswordPage status=SUCCESS method=VerifyForgotPasswordFunctionality.verifyCancelButtonOnForgotPasswordPage()[pri:2, instance:testNgPack.VerifyForgotPasswordFunctionality@1f2586d6] output={null}]]]>
              </value>
            </param>
          </params>
          <reporter-output>
          </reporter-output>
        </test-method> <!-- logOutFromApplication -->
        <test-method is-config="true" signature="openLoginPage()[pri:0, instance:testNgPack.VerifyForgotPasswordFunctionality@1f2586d6]" started-at="2024-02-28T15:55:40 IST" name="openLoginPage" finished-at="2024-02-28T15:55:42 IST" duration-ms="1809" status="PASS">
          <reporter-output>
          </reporter-output>
        </test-method> <!-- openLoginPage -->
        <test-method signature="verifySearchButtonFunctionalityWithWrongId()[pri:3, instance:testNgPack.VerifyForgotPasswordFunctionality@1f2586d6]" started-at="2024-02-28T15:55:42 IST" name="verifySearchButtonFunctionalityWithWrongId" finished-at="2024-02-28T15:55:45 IST" duration-ms="2489" status="PASS">
          <reporter-output>
          </reporter-output>
        </test-method> <!-- verifySearchButtonFunctionalityWithWrongId -->
        <test-method is-config="true" signature="logOutFromApplication(org.testng.ITestResult)[pri:0, instance:testNgPack.VerifyForgotPasswordFunctionality@1f2586d6]" started-at="2024-02-28T15:55:45 IST" name="logOutFromApplication" finished-at="2024-02-28T15:55:45 IST" duration-ms="4" status="PASS">
          <params>
            <param index="0">
              <value>
                <![CDATA[[TestResult name=verifySearchButtonFunctionalityWithWrongId status=SUCCESS method=VerifyForgotPasswordFunctionality.verifySearchButtonFunctionalityWithWrongId()[pri:3, instance:testNgPack.VerifyForgotPasswordFunctionality@1f2586d6] output={null}]]]>
              </value>
            </param>
          </params>
          <reporter-output>
          </reporter-output>
        </test-method> <!-- logOutFromApplication -->
        <test-method is-config="true" signature="openLoginPage()[pri:0, instance:testNgPack.VerifyForgotPasswordFunctionality@1f2586d6]" started-at="2024-02-28T15:55:45 IST" name="openLoginPage" finished-at="2024-02-28T15:55:46 IST" duration-ms="1634" status="PASS">
          <reporter-output>
          </reporter-output>
        </test-method> <!-- openLoginPage -->
        <test-method signature="verifySearchButtonFunctionalityWithCorrectId()[pri:4, instance:testNgPack.VerifyForgotPasswordFunctionality@1f2586d6]" started-at="2024-02-28T15:55:46 IST" name="verifySearchButtonFunctionalityWithCorrectId" finished-at="2024-02-28T15:55:49 IST" duration-ms="2354" status="FAIL">
          <exception class="java.lang.AssertionError">
            <message>
              <![CDATA[expected [Log in to Facebook..] but found [Log in to Facebook]]]>
            </message>
            <full-stacktrace>
              <![CDATA[java.lang.AssertionError: expected [Log in to Facebook..] but found [Log in to Facebook]
at org.testng.Assert.fail(Assert.java:111)
at org.testng.Assert.failNotEquals(Assert.java:1578)
at org.testng.Assert.assertEqualsImpl(Assert.java:150)
at org.testng.Assert.assertEquals(Assert.java:132)
at org.testng.Assert.assertEquals(Assert.java:656)
at org.testng.Assert.assertEquals(Assert.java:666)
at testNgPack.VerifyForgotPasswordFunctionality.verifySearchButtonFunctionalityWithCorrectId(VerifyForgotPasswordFunctionality.java:134)
at java.base/jdk.internal.reflect.NativeMethodAccessorImpl.invoke0(Native Method)
at java.base/jdk.internal.reflect.NativeMethodAccessorImpl.invoke(NativeMethodAccessorImpl.java:77)
at java.base/jdk.internal.reflect.DelegatingMethodAccessorImpl.invoke(DelegatingMethodAccessorImpl.java:43)
at java.base/java.lang.reflect.Method.invoke(Method.java:568)
at org.testng.internal.invokers.MethodInvocationHelper.invokeMethod(MethodInvocationHelper.java:139)
at org.testng.internal.invokers.TestInvoker.invokeMethod(TestInvoker.java:664)
at org.testng.internal.invokers.TestInvoker.invokeTestMethod(TestInvoker.java:228)
at org.testng.internal.invokers.MethodRunner.runInSequence(MethodRunner.java:63)
at org.testng.internal.invokers.TestInvoker$MethodInvocationAgent.invoke(TestInvoker.java:961)
at org.testng.internal.invokers.TestInvoker.invokeTestMethods(TestInvoker.java:201)
at org.testng.internal.invokers.TestMethodWorker.invokeTestMethods(TestMethodWorker.java:148)
at org.testng.internal.invokers.TestMethodWorker.run(TestMethodWorker.java:128)
at java.base/java.util.concurrent.Executors$RunnableAdapter.call(Executors.java:539)
at java.base/java.util.concurrent.FutureTask.run(FutureTask.java:264)
at org.testng.internal.thread.graph.TestNGFutureTask.run(TestNGFutureTask.java:22)
at java.base/java.util.concurrent.ThreadPoolExecutor.runWorker(ThreadPoolExecutor.java:1136)
at java.base/java.util.concurrent.ThreadPoolExecutor$Worker.run(ThreadPoolExecutor.java:635)
at java.base/java.lang.Thread.run(Thread.java:833)
]]>
            </full-stacktrace>
          </exception> <!-- java.lang.AssertionError -->
          <reporter-output>
          </reporter-output>
        </test-method> <!-- verifySearchButtonFunctionalityWithCorrectId -->
        <test-method is-config="true" signature="logOutFromApplication(org.testng.ITestResult)[pri:0, instance:testNgPack.VerifyForgotPasswordFunctionality@1f2586d6]" started-at="2024-02-28T15:55:49 IST" name="logOutFromApplication" finished-at="2024-02-28T15:55:49 IST" duration-ms="283" status="PASS">
          <params>
            <param index="0">
              <value>
                <![CDATA[[TestResult name=verifySearchButtonFunctionalityWithCorrectId status=FAILURE method=VerifyForgotPasswordFunctionality.verifySearchButtonFunctionalityWithCorrectId()[pri:4, instance:testNgPack.VerifyForgotPasswordFunctionality@1f2586d6] output={null}]]]>
              </value>
            </param>
          </params>
          <reporter-output>
          </reporter-output>
        </test-method> <!-- logOutFromApplication -->
        <test-method is-config="true" signature="clearObjects()[pri:0, instance:testNgPack.VerifyForgotPasswordFunctionality@1f2586d6]" started-at="2024-02-28T15:55:49 IST" name="clearObjects" finished-at="2024-02-28T15:55:49 IST" duration-ms="0" status="PASS">
          <reporter-output>
          </reporter-output>
        </test-method> <!-- clearObjects -->
        <test-method is-config="true" signature="closeBrowser()[pri:0, instance:testNgPack.VerifyForgotPasswordFunctionality@1f2586d6]" started-at="2024-02-28T15:55:49 IST" name="closeBrowser" finished-at="2024-02-28T15:55:51 IST" duration-ms="1925" status="PASS">
          <reporter-output>
          </reporter-output>
        </test-method> <!-- closeBrowser -->
      </class> <!-- testNgPack.VerifyForgotPasswordFunctionality -->
      <class name="testNgPack.VerifyLoginAndCreteNewAccFunctionality">
        <test-method is-config="true" signature="openBrowser(java.lang.String)[pri:0, instance:testNgPack.VerifyLoginAndCreteNewAccFunctionality@2f4948e4]" started-at="2024-02-28T15:55:12 IST" name="openBrowser" finished-at="2024-02-28T15:55:30 IST" duration-ms="17709" status="PASS">
          <params>
            <param index="0">
              <value>
                <![CDATA[Firefox]]>
              </value>
            </param>
          </params>
          <reporter-output>
          </reporter-output>
        </test-method> <!-- openBrowser -->
        <test-method is-config="true" signature="createPOMObject()[pri:0, instance:testNgPack.VerifyLoginAndCreteNewAccFunctionality@2f4948e4]" started-at="2024-02-28T15:55:30 IST" name="createPOMObject" finished-at="2024-02-28T15:55:30 IST" duration-ms="10" status="PASS">
          <reporter-output>
          </reporter-output>
        </test-method> <!-- createPOMObject -->
        <test-method is-config="true" signature="openLogInPageOnApplication()[pri:0, instance:testNgPack.VerifyLoginAndCreteNewAccFunctionality@2f4948e4]" started-at="2024-02-28T15:55:30 IST" name="openLogInPageOnApplication" finished-at="2024-02-28T15:55:32 IST" duration-ms="2243" status="PASS">
          <reporter-output>
          </reporter-output>
        </test-method> <!-- openLogInPageOnApplication -->
        <test-method signature="verifyLoginFunctionality()[pri:1, instance:testNgPack.VerifyLoginAndCreteNewAccFunctionality@2f4948e4]" started-at="2024-02-28T15:55:32 IST" name="verifyLoginFunctionality" finished-at="2024-02-28T15:55:34 IST" duration-ms="2241" status="PASS">
          <reporter-output>
          </reporter-output>
        </test-method> <!-- verifyLoginFunctionality -->
        <test-method is-config="true" signature="logOutFromApplication(org.testng.ITestResult)[pri:0, instance:testNgPack.VerifyLoginAndCreteNewAccFunctionality@2f4948e4]" started-at="2024-02-28T15:55:34 IST" name="logOutFromApplication" finished-at="2024-02-28T15:55:34 IST" duration-ms="7" status="PASS">
          <params>
            <param index="0">
              <value>
                <![CDATA[[TestResult name=verifyLoginFunctionality status=SUCCESS method=VerifyLoginAndCreteNewAccFunctionality.verifyLoginFunctionality()[pri:1, instance:testNgPack.VerifyLoginAndCreteNewAccFunctionality@2f4948e4] output={null}]]]>
              </value>
            </param>
          </params>
          <reporter-output>
          </reporter-output>
        </test-method> <!-- logOutFromApplication -->
        <test-method is-config="true" signature="openLogInPageOnApplication()[pri:0, instance:testNgPack.VerifyLoginAndCreteNewAccFunctionality@2f4948e4]" started-at="2024-02-28T15:55:34 IST" name="openLogInPageOnApplication" finished-at="2024-02-28T15:55:35 IST" duration-ms="961" status="PASS">
          <reporter-output>
          </reporter-output>
        </test-method> <!-- openLogInPageOnApplication -->
        <test-method signature="creatNewAccFormFunctionality()[pri:2, instance:testNgPack.VerifyLoginAndCreteNewAccFunctionality@2f4948e4]" started-at="2024-02-28T15:55:35 IST" name="creatNewAccFormFunctionality" finished-at="2024-02-28T15:55:48 IST" duration-ms="12855" status="PASS">
          <reporter-output>
          </reporter-output>
        </test-method> <!-- creatNewAccFormFunctionality -->
        <test-method is-config="true" signature="logOutFromApplication(org.testng.ITestResult)[pri:0, instance:testNgPack.VerifyLoginAndCreteNewAccFunctionality@2f4948e4]" started-at="2024-02-28T15:55:48 IST" name="logOutFromApplication" finished-at="2024-02-28T15:55:48 IST" duration-ms="0" status="PASS">
          <params>
            <param index="0">
              <value>
                <![CDATA[[TestResult name=creatNewAccFormFunctionality status=SUCCESS method=VerifyLoginAndCreteNewAccFunctionality.creatNewAccFormFunctionality()[pri:2, instance:testNgPack.VerifyLoginAndCreteNewAccFunctionality@2f4948e4] output={null}]]]>
              </value>
            </param>
          </params>
          <reporter-output>
          </reporter-output>
        </test-method> <!-- logOutFromApplication -->
        <test-method is-config="true" signature="clearObjects()[pri:0, instance:testNgPack.VerifyLoginAndCreteNewAccFunctionality@2f4948e4]" started-at="2024-02-28T15:55:48 IST" name="clearObjects" finished-at="2024-02-28T15:55:48 IST" duration-ms="0" status="PASS">
          <reporter-output>
          </reporter-output>
        </test-method> <!-- clearObjects -->
        <test-method is-config="true" signature="closeBrowser()[pri:0, instance:testNgPack.VerifyLoginAndCreteNewAccFunctionality@2f4948e4]" started-at="2024-02-28T15:55:51 IST" name="closeBrowser" finished-at="2024-02-28T15:55:52 IST" duration-ms="1033" status="PASS">
          <reporter-output>
          </reporter-output>
        </test-method> <!-- closeBrowser -->
      </class> <!-- testNgPack.VerifyLoginAndCreteNewAccFunctionality -->
    </test> <!-- FirefoxTest -->
  </suite> <!-- Suite_2 -->
</testng-results>
