<?xml version="1.0" encoding="UTF-8"?>
<testng-results ignored="0" total="18" passed="18" failed="0" skipped="0">
  <reporter-output>
  </reporter-output>
  <suite started-at="2024-02-28T19:15:37 IST" name="Suite_2" finished-at="2024-02-28T19:16:19 IST" duration-ms="41596">
    <groups>
    </groups>
    <test started-at="2024-02-28T19:15:37 IST" name="ChromeTest" finished-at="2024-02-28T19:16:03 IST" duration-ms="26284">
      <class name="testNgPack.VerifyForgotPasswordFunctionality">
        <test-method is-config="true" signature="openBrowser(java.lang.String)[pri:0, instance:testNgPack.VerifyForgotPasswordFunctionality@59474f18]" started-at="2024-02-28T19:15:37 IST" name="openBrowser" finished-at="2024-02-28T19:15:39 IST" duration-ms="2023" status="PASS">
          <params>
            <param index="0">
              <value>
                <![CDATA[Chrome]]>
              </value>
            </param>
          </params>
          <reporter-output>
          </reporter-output>
        </test-method> <!-- openBrowser -->
        <test-method is-config="true" signature="CreatePOMObjects()[pri:0, instance:testNgPack.VerifyForgotPasswordFunctionality@59474f18]" started-at="2024-02-28T19:15:40 IST" name="CreatePOMObjects" finished-at="2024-02-28T19:15:40 IST" duration-ms="46" status="PASS">
          <reporter-output>
          </reporter-output>
        </test-method> <!-- CreatePOMObjects -->
        <test-method is-config="true" signature="openLoginPage()[pri:0, instance:testNgPack.VerifyForgotPasswordFunctionality@59474f18]" started-at="2024-02-28T19:15:40 IST" name="openLoginPage" finished-at="2024-02-28T19:15:44 IST" duration-ms="3369" status="PASS">
          <reporter-output>
          </reporter-output>
        </test-method> <!-- openLoginPage -->
        <test-method signature="verifyTextOnForgotPasswordPage()[pri:1, instance:testNgPack.VerifyForgotPasswordFunctionality@59474f18]" started-at="2024-02-28T19:15:44 IST" name="verifyTextOnForgotPasswordPage" finished-at="2024-02-28T19:15:44 IST" duration-ms="157" status="PASS">
          <reporter-output>
          </reporter-output>
        </test-method> <!-- verifyTextOnForgotPasswordPage -->
        <test-method is-config="true" signature="logOutFromApplication(org.testng.ITestResult)[pri:0, instance:testNgPack.VerifyForgotPasswordFunctionality@59474f18]" started-at="2024-02-28T19:15:44 IST" name="logOutFromApplication" finished-at="2024-02-28T19:15:44 IST" duration-ms="1" status="PASS">
          <params>
            <param index="0">
              <value>
                <![CDATA[[TestResult name=verifyTextOnForgotPasswordPage status=SUCCESS method=VerifyForgotPasswordFunctionality.verifyTextOnForgotPasswordPage()[pri:1, instance:testNgPack.VerifyForgotPasswordFunctionality@59474f18] output={null}]]]>
              </value>
            </param>
          </params>
          <reporter-output>
          </reporter-output>
        </test-method> <!-- logOutFromApplication -->
        <test-method is-config="true" signature="openLoginPage()[pri:0, instance:testNgPack.VerifyForgotPasswordFunctionality@59474f18]" started-at="2024-02-28T19:15:44 IST" name="openLoginPage" finished-at="2024-02-28T19:15:46 IST" duration-ms="1997" status="PASS">
          <reporter-output>
          </reporter-output>
        </test-method> <!-- openLoginPage -->
        <test-method signature="verifyCancelButtonOnForgotPasswordPage()[pri:2, instance:testNgPack.VerifyForgotPasswordFunctionality@59474f18]" started-at="2024-02-28T19:15:46 IST" name="verifyCancelButtonOnForgotPasswordPage" finished-at="2024-02-28T19:15:47 IST" duration-ms="1471" status="PASS">
          <reporter-output>
          </reporter-output>
        </test-method> <!-- verifyCancelButtonOnForgotPasswordPage -->
        <test-method is-config="true" signature="logOutFromApplication(org.testng.ITestResult)[pri:0, instance:testNgPack.VerifyForgotPasswordFunctionality@59474f18]" started-at="2024-02-28T19:15:47 IST" name="logOutFromApplication" finished-at="2024-02-28T19:15:47 IST" duration-ms="1" status="PASS">
          <params>
            <param index="0">
              <value>
                <![CDATA[[TestResult name=verifyCancelButtonOnForgotPasswordPage status=SUCCESS method=VerifyForgotPasswordFunctionality.verifyCancelButtonOnForgotPasswordPage()[pri:2, instance:testNgPack.VerifyForgotPasswordFunctionality@59474f18] output={null}]]]>
              </value>
            </param>
          </params>
          <reporter-output>
          </reporter-output>
        </test-method> <!-- logOutFromApplication -->
        <test-method is-config="true" signature="openLoginPage()[pri:0, instance:testNgPack.VerifyForgotPasswordFunctionality@59474f18]" started-at="2024-02-28T19:15:47 IST" name="openLoginPage" finished-at="2024-02-28T19:15:50 IST" duration-ms="2276" status="PASS">
          <reporter-output>
          </reporter-output>
        </test-method> <!-- openLoginPage -->
        <test-method signature="verifySearchButtonFunctionalityWithWrongId()[pri:3, instance:testNgPack.VerifyForgotPasswordFunctionality@59474f18]" started-at="2024-02-28T19:15:50 IST" name="verifySearchButtonFunctionalityWithWrongId" finished-at="2024-02-28T19:15:53 IST" duration-ms="3072" status="PASS">
          <reporter-output>
          </reporter-output>
        </test-method> <!-- verifySearchButtonFunctionalityWithWrongId -->
        <test-method is-config="true" signature="logOutFromApplication(org.testng.ITestResult)[pri:0, instance:testNgPack.VerifyForgotPasswordFunctionality@59474f18]" started-at="2024-02-28T19:15:53 IST" name="logOutFromApplication" finished-at="2024-02-28T19:15:53 IST" duration-ms="0" status="PASS">
          <params>
            <param index="0">
              <value>
                <![CDATA[[TestResult name=verifySearchButtonFunctionalityWithWrongId status=SUCCESS method=VerifyForgotPasswordFunctionality.verifySearchButtonFunctionalityWithWrongId()[pri:3, instance:testNgPack.VerifyForgotPasswordFunctionality@59474f18] output={null}]]]>
              </value>
            </param>
          </params>
          <reporter-output>
          </reporter-output>
        </test-method> <!-- logOutFromApplication -->
        <test-method is-config="true" signature="openLoginPage()[pri:0, instance:testNgPack.VerifyForgotPasswordFunctionality@59474f18]" started-at="2024-02-28T19:15:53 IST" name="openLoginPage" finished-at="2024-02-28T19:15:55 IST" duration-ms="1853" status="PASS">
          <reporter-output>
          </reporter-output>
        </test-method> <!-- openLoginPage -->
        <test-method signature="verifySearchButtonFunctionalityWithCorrectId()[pri:4, instance:testNgPack.VerifyForgotPasswordFunctionality@59474f18]" started-at="2024-02-28T19:15:55 IST" name="verifySearchButtonFunctionalityWithCorrectId" finished-at="2024-02-28T19:15:59 IST" duration-ms="4558" status="PASS">
          <reporter-output>
          </reporter-output>
        </test-method> <!-- verifySearchButtonFunctionalityWithCorrectId -->
        <test-method is-config="true" signature="logOutFromApplication(org.testng.ITestResult)[pri:0, instance:testNgPack.VerifyForgotPasswordFunctionality@59474f18]" started-at="2024-02-28T19:15:59 IST" name="logOutFromApplication" finished-at="2024-02-28T19:15:59 IST" duration-ms="3" status="PASS">
          <params>
            <param index="0">
              <value>
                <![CDATA[[TestResult name=verifySearchButtonFunctionalityWithCorrectId status=SUCCESS method=VerifyForgotPasswordFunctionality.verifySearchButtonFunctionalityWithCorrectId()[pri:4, instance:testNgPack.VerifyForgotPasswordFunctionality@59474f18] output={null}]]]>
              </value>
            </param>
          </params>
          <reporter-output>
          </reporter-output>
        </test-method> <!-- logOutFromApplication -->
        <test-method is-config="true" signature="clearObjects()[pri:0, instance:testNgPack.VerifyForgotPasswordFunctionality@59474f18]" started-at="2024-02-28T19:15:59 IST" name="clearObjects" finished-at="2024-02-28T19:15:59 IST" duration-ms="2" status="PASS">
          <reporter-output>
          </reporter-output>
        </test-method> <!-- clearObjects -->
        <test-method is-config="true" signature="closeBrowser()[pri:0, instance:testNgPack.VerifyForgotPasswordFunctionality@59474f18]" started-at="2024-02-28T19:16:01 IST" name="closeBrowser" finished-at="2024-02-28T19:16:02 IST" duration-ms="1394" status="PASS">
          <reporter-output>
          </reporter-output>
        </test-method> <!-- closeBrowser -->
      </class> <!-- testNgPack.VerifyForgotPasswordFunctionality -->
      <class name="testNgPack.VerifyLoginAndCreteNewAccFunctionality">
        <test-method is-config="true" signature="openBrowser(java.lang.String)[pri:0, instance:testNgPack.VerifyLoginAndCreteNewAccFunctionality@4218d6a3]" started-at="2024-02-28T19:15:39 IST" name="openBrowser" finished-at="2024-02-28T19:15:40 IST" duration-ms="1213" status="PASS">
          <params>
            <param index="0">
              <value>
                <![CDATA[Chrome]]>
              </value>
            </param>
          </params>
          <reporter-output>
          </reporter-output>
        </test-method> <!-- openBrowser -->
        <test-method is-config="true" signature="createPOMObject()[pri:0, instance:testNgPack.VerifyLoginAndCreteNewAccFunctionality@4218d6a3]" started-at="2024-02-28T19:15:40 IST" name="createPOMObject" finished-at="2024-02-28T19:15:40 IST" duration-ms="47" status="PASS">
          <reporter-output>
          </reporter-output>
        </test-method> <!-- createPOMObject -->
        <test-method is-config="true" signature="openLogInPageOnApplication()[pri:0, instance:testNgPack.VerifyLoginAndCreteNewAccFunctionality@4218d6a3]" started-at="2024-02-28T19:15:40 IST" name="openLogInPageOnApplication" finished-at="2024-02-28T19:15:41 IST" duration-ms="430" status="PASS">
          <reporter-output>
          </reporter-output>
        </test-method> <!-- openLogInPageOnApplication -->
        <test-method signature="verifyLoginFunctionality()[pri:1, instance:testNgPack.VerifyLoginAndCreteNewAccFunctionality@4218d6a3]" started-at="2024-02-28T19:15:41 IST" name="verifyLoginFunctionality" finished-at="2024-02-28T19:15:45 IST" duration-ms="4574" status="PASS">
          <reporter-output>
          </reporter-output>
        </test-method> <!-- verifyLoginFunctionality -->
        <test-method is-config="true" signature="logOutFromApplication(org.testng.ITestResult)[pri:0, instance:testNgPack.VerifyLoginAndCreteNewAccFunctionality@4218d6a3]" started-at="2024-02-28T19:15:45 IST" name="logOutFromApplication" finished-at="2024-02-28T19:15:45 IST" duration-ms="1" status="PASS">
          <params>
            <param index="0">
              <value>
                <![CDATA[[TestResult name=verifyLoginFunctionality status=SUCCESS method=VerifyLoginAndCreteNewAccFunctionality.verifyLoginFunctionality()[pri:1, instance:testNgPack.VerifyLoginAndCreteNewAccFunctionality@4218d6a3] output={null}]]]>
              </value>
            </param>
          </params>
          <reporter-output>
          </reporter-output>
        </test-method> <!-- logOutFromApplication -->
        <test-method is-config="true" signature="openLogInPageOnApplication()[pri:0, instance:testNgPack.VerifyLoginAndCreteNewAccFunctionality@4218d6a3]" started-at="2024-02-28T19:15:45 IST" name="openLogInPageOnApplication" finished-at="2024-02-28T19:15:46 IST" duration-ms="728" status="PASS">
          <reporter-output>
          </reporter-output>
        </test-method> <!-- openLogInPageOnApplication -->
        <test-method signature="creatNewAccFormFunctionality()[pri:2, instance:testNgPack.VerifyLoginAndCreteNewAccFunctionality@4218d6a3]" started-at="2024-02-28T19:15:46 IST" name="creatNewAccFormFunctionality" finished-at="2024-02-28T19:16:01 IST" duration-ms="14913" status="PASS">
          <reporter-output>
          </reporter-output>
        </test-method> <!-- creatNewAccFormFunctionality -->
        <test-method is-config="true" signature="logOutFromApplication(org.testng.ITestResult)[pri:0, instance:testNgPack.VerifyLoginAndCreteNewAccFunctionality@4218d6a3]" started-at="2024-02-28T19:16:01 IST" name="logOutFromApplication" finished-at="2024-02-28T19:16:01 IST" duration-ms="2" status="PASS">
          <params>
            <param index="0">
              <value>
                <![CDATA[[TestResult name=creatNewAccFormFunctionality status=SUCCESS method=VerifyLoginAndCreteNewAccFunctionality.creatNewAccFormFunctionality()[pri:2, instance:testNgPack.VerifyLoginAndCreteNewAccFunctionality@4218d6a3] output={null}]]]>
              </value>
            </param>
          </params>
          <reporter-output>
          </reporter-output>
        </test-method> <!-- logOutFromApplication -->
        <test-method is-config="true" signature="clearObjects()[pri:0, instance:testNgPack.VerifyLoginAndCreteNewAccFunctionality@4218d6a3]" started-at="2024-02-28T19:16:01 IST" name="clearObjects" finished-at="2024-02-28T19:16:01 IST" duration-ms="1" status="PASS">
          <reporter-output>
          </reporter-output>
        </test-method> <!-- clearObjects -->
        <test-method is-config="true" signature="closeBrowser()[pri:0, instance:testNgPack.VerifyLoginAndCreteNewAccFunctionality@4218d6a3]" started-at="2024-02-28T19:16:02 IST" name="closeBrowser" finished-at="2024-02-28T19:16:03 IST" duration-ms="865" status="PASS">
          <reporter-output>
          </reporter-output>
        </test-method> <!-- closeBrowser -->
      </class> <!-- testNgPack.VerifyLoginAndCreteNewAccFunctionality -->
    </test> <!-- ChromeTest -->
    <test started-at="2024-02-28T19:15:37 IST" name="EdgeTest" finished-at="2024-02-28T19:16:09 IST" duration-ms="31567">
      <class name="testNgPack.VerifyForgotPasswordFunctionality">
        <test-method is-config="true" signature="openBrowser(java.lang.String)[pri:0, instance:testNgPack.VerifyForgotPasswordFunctionality@385c9627]" started-at="2024-02-28T19:15:37 IST" name="openBrowser" finished-at="2024-02-28T19:15:41 IST" duration-ms="4467" status="PASS">
          <params>
            <param index="0">
              <value>
                <![CDATA[Edge]]>
              </value>
            </param>
          </params>
          <reporter-output>
          </reporter-output>
        </test-method> <!-- openBrowser -->
        <test-method is-config="true" signature="CreatePOMObjects()[pri:0, instance:testNgPack.VerifyForgotPasswordFunctionality@385c9627]" started-at="2024-02-28T19:15:46 IST" name="CreatePOMObjects" finished-at="2024-02-28T19:15:46 IST" duration-ms="3" status="PASS">
          <reporter-output>
          </reporter-output>
        </test-method> <!-- CreatePOMObjects -->
        <test-method is-config="true" signature="openLoginPage()[pri:0, instance:testNgPack.VerifyForgotPasswordFunctionality@385c9627]" started-at="2024-02-28T19:15:46 IST" name="openLoginPage" finished-at="2024-02-28T19:15:50 IST" duration-ms="3960" status="PASS">
          <reporter-output>
          </reporter-output>
        </test-method> <!-- openLoginPage -->
        <test-method signature="verifyTextOnForgotPasswordPage()[pri:1, instance:testNgPack.VerifyForgotPasswordFunctionality@385c9627]" started-at="2024-02-28T19:15:50 IST" name="verifyTextOnForgotPasswordPage" finished-at="2024-02-28T19:15:50 IST" duration-ms="121" status="PASS">
          <reporter-output>
          </reporter-output>
        </test-method> <!-- verifyTextOnForgotPasswordPage -->
        <test-method is-config="true" signature="logOutFromApplication(org.testng.ITestResult)[pri:0, instance:testNgPack.VerifyForgotPasswordFunctionality@385c9627]" started-at="2024-02-28T19:15:50 IST" name="logOutFromApplication" finished-at="2024-02-28T19:15:50 IST" duration-ms="1" status="PASS">
          <params>
            <param index="0">
              <value>
                <![CDATA[[TestResult name=verifyTextOnForgotPasswordPage status=SUCCESS method=VerifyForgotPasswordFunctionality.verifyTextOnForgotPasswordPage()[pri:1, instance:testNgPack.VerifyForgotPasswordFunctionality@385c9627] output={null}]]]>
              </value>
            </param>
          </params>
          <reporter-output>
          </reporter-output>
        </test-method> <!-- logOutFromApplication -->
        <test-method is-config="true" signature="openLoginPage()[pri:0, instance:testNgPack.VerifyForgotPasswordFunctionality@385c9627]" started-at="2024-02-28T19:15:50 IST" name="openLoginPage" finished-at="2024-02-28T19:15:53 IST" duration-ms="2829" status="PASS">
          <reporter-output>
          </reporter-output>
        </test-method> <!-- openLoginPage -->
        <test-method signature="verifyCancelButtonOnForgotPasswordPage()[pri:2, instance:testNgPack.VerifyForgotPasswordFunctionality@385c9627]" started-at="2024-02-28T19:15:53 IST" name="verifyCancelButtonOnForgotPasswordPage" finished-at="2024-02-28T19:15:55 IST" duration-ms="1412" status="PASS">
          <reporter-output>
          </reporter-output>
        </test-method> <!-- verifyCancelButtonOnForgotPasswordPage -->
        <test-method is-config="true" signature="openLoginPage()[pri:0, instance:testNgPack.VerifyForgotPasswordFunctionality@385c9627]" started-at="2024-02-28T19:15:55 IST" name="openLoginPage" finished-at="2024-02-28T19:15:58 IST" duration-ms="3518" status="PASS">
          <reporter-output>
          </reporter-output>
        </test-method> <!-- openLoginPage -->
        <test-method is-config="true" signature="logOutFromApplication(org.testng.ITestResult)[pri:0, instance:testNgPack.VerifyForgotPasswordFunctionality@385c9627]" started-at="2024-02-28T19:15:55 IST" name="logOutFromApplication" finished-at="2024-02-28T19:15:55 IST" duration-ms="0" status="PASS">
          <params>
            <param index="0">
              <value>
                <![CDATA[[TestResult name=verifyCancelButtonOnForgotPasswordPage status=SUCCESS method=VerifyForgotPasswordFunctionality.verifyCancelButtonOnForgotPasswordPage()[pri:2, instance:testNgPack.VerifyForgotPasswordFunctionality@385c9627] output={null}]]]>
              </value>
            </param>
          </params>
          <reporter-output>
          </reporter-output>
        </test-method> <!-- logOutFromApplication -->
        <test-method signature="verifySearchButtonFunctionalityWithWrongId()[pri:3, instance:testNgPack.VerifyForgotPasswordFunctionality@385c9627]" started-at="2024-02-28T19:15:58 IST" name="verifySearchButtonFunctionalityWithWrongId" finished-at="2024-02-28T19:16:01 IST" duration-ms="2882" status="PASS">
          <reporter-output>
          </reporter-output>
        </test-method> <!-- verifySearchButtonFunctionalityWithWrongId -->
        <test-method is-config="true" signature="openLoginPage()[pri:0, instance:testNgPack.VerifyForgotPasswordFunctionality@385c9627]" started-at="2024-02-28T19:16:01 IST" name="openLoginPage" finished-at="2024-02-28T19:16:04 IST" duration-ms="2937" status="PASS">
          <reporter-output>
          </reporter-output>
        </test-method> <!-- openLoginPage -->
        <test-method is-config="true" signature="logOutFromApplication(org.testng.ITestResult)[pri:0, instance:testNgPack.VerifyForgotPasswordFunctionality@385c9627]" started-at="2024-02-28T19:16:01 IST" name="logOutFromApplication" finished-at="2024-02-28T19:16:01 IST" duration-ms="0" status="PASS">
          <params>
            <param index="0">
              <value>
                <![CDATA[[TestResult name=verifySearchButtonFunctionalityWithWrongId status=SUCCESS method=VerifyForgotPasswordFunctionality.verifySearchButtonFunctionalityWithWrongId()[pri:3, instance:testNgPack.VerifyForgotPasswordFunctionality@385c9627] output={null}]]]>
              </value>
            </param>
          </params>
          <reporter-output>
          </reporter-output>
        </test-method> <!-- logOutFromApplication -->
        <test-method signature="verifySearchButtonFunctionalityWithCorrectId()[pri:4, instance:testNgPack.VerifyForgotPasswordFunctionality@385c9627]" started-at="2024-02-28T19:16:04 IST" name="verifySearchButtonFunctionalityWithCorrectId" finished-at="2024-02-28T19:16:07 IST" duration-ms="2679" status="PASS">
          <reporter-output>
          </reporter-output>
        </test-method> <!-- verifySearchButtonFunctionalityWithCorrectId -->
        <test-method is-config="true" signature="logOutFromApplication(org.testng.ITestResult)[pri:0, instance:testNgPack.VerifyForgotPasswordFunctionality@385c9627]" started-at="2024-02-28T19:16:07 IST" name="logOutFromApplication" finished-at="2024-02-28T19:16:07 IST" duration-ms="6" status="PASS">
          <params>
            <param index="0">
              <value>
                <![CDATA[[TestResult name=verifySearchButtonFunctionalityWithCorrectId status=SUCCESS method=VerifyForgotPasswordFunctionality.verifySearchButtonFunctionalityWithCorrectId()[pri:4, instance:testNgPack.VerifyForgotPasswordFunctionality@385c9627] output={null}]]]>
              </value>
            </param>
          </params>
          <reporter-output>
          </reporter-output>
        </test-method> <!-- logOutFromApplication -->
        <test-method is-config="true" signature="clearObjects()[pri:0, instance:testNgPack.VerifyForgotPasswordFunctionality@385c9627]" started-at="2024-02-28T19:16:07 IST" name="clearObjects" finished-at="2024-02-28T19:16:07 IST" duration-ms="0" status="PASS">
          <reporter-output>
          </reporter-output>
        </test-method> <!-- clearObjects -->
        <test-method is-config="true" signature="closeBrowser()[pri:0, instance:testNgPack.VerifyForgotPasswordFunctionality@385c9627]" started-at="2024-02-28T19:16:08 IST" name="closeBrowser" finished-at="2024-02-28T19:16:08 IST" duration-ms="358" status="PASS">
          <reporter-output>
          </reporter-output>
        </test-method> <!-- closeBrowser -->
      </class> <!-- testNgPack.VerifyForgotPasswordFunctionality -->
      <class name="testNgPack.VerifyLoginAndCreteNewAccFunctionality">
        <test-method is-config="true" signature="openBrowser(java.lang.String)[pri:0, instance:testNgPack.VerifyLoginAndCreteNewAccFunctionality@6989da5e]" started-at="2024-02-28T19:15:41 IST" name="openBrowser" finished-at="2024-02-28T19:15:46 IST" duration-ms="4778" status="PASS">
          <params>
            <param index="0">
              <value>
                <![CDATA[Edge]]>
              </value>
            </param>
          </params>
          <reporter-output>
          </reporter-output>
        </test-method> <!-- openBrowser -->
        <test-method is-config="true" signature="createPOMObject()[pri:0, instance:testNgPack.VerifyLoginAndCreteNewAccFunctionality@6989da5e]" started-at="2024-02-28T19:15:46 IST" name="createPOMObject" finished-at="2024-02-28T19:15:46 IST" duration-ms="4" status="PASS">
          <reporter-output>
          </reporter-output>
        </test-method> <!-- createPOMObject -->
        <test-method is-config="true" signature="openLogInPageOnApplication()[pri:0, instance:testNgPack.VerifyLoginAndCreteNewAccFunctionality@6989da5e]" started-at="2024-02-28T19:15:46 IST" name="openLogInPageOnApplication" finished-at="2024-02-28T19:15:48 IST" duration-ms="1615" status="PASS">
          <reporter-output>
          </reporter-output>
        </test-method> <!-- openLogInPageOnApplication -->
        <test-method signature="verifyLoginFunctionality()[pri:1, instance:testNgPack.VerifyLoginAndCreteNewAccFunctionality@6989da5e]" started-at="2024-02-28T19:15:48 IST" name="verifyLoginFunctionality" finished-at="2024-02-28T19:15:51 IST" duration-ms="2599" status="PASS">
          <reporter-output>
          </reporter-output>
        </test-method> <!-- verifyLoginFunctionality -->
        <test-method is-config="true" signature="logOutFromApplication(org.testng.ITestResult)[pri:0, instance:testNgPack.VerifyLoginAndCreteNewAccFunctionality@6989da5e]" started-at="2024-02-28T19:15:51 IST" name="logOutFromApplication" finished-at="2024-02-28T19:15:51 IST" duration-ms="1" status="PASS">
          <params>
            <param index="0">
              <value>
                <![CDATA[[TestResult name=verifyLoginFunctionality status=SUCCESS method=VerifyLoginAndCreteNewAccFunctionality.verifyLoginFunctionality()[pri:1, instance:testNgPack.VerifyLoginAndCreteNewAccFunctionality@6989da5e] output={null}]]]>
              </value>
            </param>
          </params>
          <reporter-output>
          </reporter-output>
        </test-method> <!-- logOutFromApplication -->
        <test-method is-config="true" signature="openLogInPageOnApplication()[pri:0, instance:testNgPack.VerifyLoginAndCreteNewAccFunctionality@6989da5e]" started-at="2024-02-28T19:15:51 IST" name="openLogInPageOnApplication" finished-at="2024-02-28T19:15:52 IST" duration-ms="1183" status="PASS">
          <reporter-output>
          </reporter-output>
        </test-method> <!-- openLogInPageOnApplication -->
        <test-method signature="creatNewAccFormFunctionality()[pri:2, instance:testNgPack.VerifyLoginAndCreteNewAccFunctionality@6989da5e]" started-at="2024-02-28T19:15:52 IST" name="creatNewAccFormFunctionality" finished-at="2024-02-28T19:16:08 IST" duration-ms="16228" status="PASS">
          <reporter-output>
          </reporter-output>
        </test-method> <!-- creatNewAccFormFunctionality -->
        <test-method is-config="true" signature="logOutFromApplication(org.testng.ITestResult)[pri:0, instance:testNgPack.VerifyLoginAndCreteNewAccFunctionality@6989da5e]" started-at="2024-02-28T19:16:08 IST" name="logOutFromApplication" finished-at="2024-02-28T19:16:08 IST" duration-ms="0" status="PASS">
          <params>
            <param index="0">
              <value>
                <![CDATA[[TestResult name=creatNewAccFormFunctionality status=SUCCESS method=VerifyLoginAndCreteNewAccFunctionality.creatNewAccFormFunctionality()[pri:2, instance:testNgPack.VerifyLoginAndCreteNewAccFunctionality@6989da5e] output={null}]]]>
              </value>
            </param>
          </params>
          <reporter-output>
          </reporter-output>
        </test-method> <!-- logOutFromApplication -->
        <test-method is-config="true" signature="clearObjects()[pri:0, instance:testNgPack.VerifyLoginAndCreteNewAccFunctionality@6989da5e]" started-at="2024-02-28T19:16:08 IST" name="clearObjects" finished-at="2024-02-28T19:16:08 IST" duration-ms="0" status="PASS">
          <reporter-output>
          </reporter-output>
        </test-method> <!-- clearObjects -->
        <test-method is-config="true" signature="closeBrowser()[pri:0, instance:testNgPack.VerifyLoginAndCreteNewAccFunctionality@6989da5e]" started-at="2024-02-28T19:16:08 IST" name="closeBrowser" finished-at="2024-02-28T19:16:09 IST" duration-ms="283" status="PASS">
          <reporter-output>
          </reporter-output>
        </test-method> <!-- closeBrowser -->
      </class> <!-- testNgPack.VerifyLoginAndCreteNewAccFunctionality -->
    </test> <!-- EdgeTest -->
    <test started-at="2024-02-28T19:15:37 IST" name="FirefoxTest" finished-at="2024-02-28T19:16:19 IST" duration-ms="41596">
      <class name="testNgPack.VerifyForgotPasswordFunctionality">
        <test-method is-config="true" signature="openBrowser(java.lang.String)[pri:0, instance:testNgPack.VerifyForgotPasswordFunctionality@3fc2959f]" started-at="2024-02-28T19:15:37 IST" name="openBrowser" finished-at="2024-02-28T19:15:45 IST" duration-ms="8103" status="PASS">
          <params>
            <param index="0">
              <value>
                <![CDATA[Firefox]]>
              </value>
            </param>
          </params>
          <reporter-output>
          </reporter-output>
        </test-method> <!-- openBrowser -->
        <test-method is-config="true" signature="CreatePOMObjects()[pri:0, instance:testNgPack.VerifyForgotPasswordFunctionality@3fc2959f]" started-at="2024-02-28T19:15:54 IST" name="CreatePOMObjects" finished-at="2024-02-28T19:15:54 IST" duration-ms="2" status="PASS">
          <reporter-output>
          </reporter-output>
        </test-method> <!-- CreatePOMObjects -->
        <test-method is-config="true" signature="openLoginPage()[pri:0, instance:testNgPack.VerifyForgotPasswordFunctionality@3fc2959f]" started-at="2024-02-28T19:15:54 IST" name="openLoginPage" finished-at="2024-02-28T19:16:00 IST" duration-ms="6123" status="PASS">
          <reporter-output>
          </reporter-output>
        </test-method> <!-- openLoginPage -->
        <test-method signature="verifyTextOnForgotPasswordPage()[pri:1, instance:testNgPack.VerifyForgotPasswordFunctionality@3fc2959f]" started-at="2024-02-28T19:16:00 IST" name="verifyTextOnForgotPasswordPage" finished-at="2024-02-28T19:16:00 IST" duration-ms="43" status="PASS">
          <reporter-output>
          </reporter-output>
        </test-method> <!-- verifyTextOnForgotPasswordPage -->
        <test-method is-config="true" signature="openLoginPage()[pri:0, instance:testNgPack.VerifyForgotPasswordFunctionality@3fc2959f]" started-at="2024-02-28T19:16:00 IST" name="openLoginPage" finished-at="2024-02-28T19:16:05 IST" duration-ms="4371" status="PASS">
          <reporter-output>
          </reporter-output>
        </test-method> <!-- openLoginPage -->
        <test-method is-config="true" signature="logOutFromApplication(org.testng.ITestResult)[pri:0, instance:testNgPack.VerifyForgotPasswordFunctionality@3fc2959f]" started-at="2024-02-28T19:16:00 IST" name="logOutFromApplication" finished-at="2024-02-28T19:16:00 IST" duration-ms="0" status="PASS">
          <params>
            <param index="0">
              <value>
                <![CDATA[[TestResult name=verifyTextOnForgotPasswordPage status=SUCCESS method=VerifyForgotPasswordFunctionality.verifyTextOnForgotPasswordPage()[pri:1, instance:testNgPack.VerifyForgotPasswordFunctionality@3fc2959f] output={null}]]]>
              </value>
            </param>
          </params>
          <reporter-output>
          </reporter-output>
        </test-method> <!-- logOutFromApplication -->
        <test-method signature="verifyCancelButtonOnForgotPasswordPage()[pri:2, instance:testNgPack.VerifyForgotPasswordFunctionality@3fc2959f]" started-at="2024-02-28T19:16:05 IST" name="verifyCancelButtonOnForgotPasswordPage" finished-at="2024-02-28T19:16:06 IST" duration-ms="988" status="PASS">
          <reporter-output>
          </reporter-output>
        </test-method> <!-- verifyCancelButtonOnForgotPasswordPage -->
        <test-method is-config="true" signature="openLoginPage()[pri:0, instance:testNgPack.VerifyForgotPasswordFunctionality@3fc2959f]" started-at="2024-02-28T19:16:06 IST" name="openLoginPage" finished-at="2024-02-28T19:16:08 IST" duration-ms="2632" status="PASS">
          <reporter-output>
          </reporter-output>
        </test-method> <!-- openLoginPage -->
        <test-method is-config="true" signature="logOutFromApplication(org.testng.ITestResult)[pri:0, instance:testNgPack.VerifyForgotPasswordFunctionality@3fc2959f]" started-at="2024-02-28T19:16:06 IST" name="logOutFromApplication" finished-at="2024-02-28T19:16:06 IST" duration-ms="0" status="PASS">
          <params>
            <param index="0">
              <value>
                <![CDATA[[TestResult name=verifyCancelButtonOnForgotPasswordPage status=SUCCESS method=VerifyForgotPasswordFunctionality.verifyCancelButtonOnForgotPasswordPage()[pri:2, instance:testNgPack.VerifyForgotPasswordFunctionality@3fc2959f] output={null}]]]>
              </value>
            </param>
          </params>
          <reporter-output>
          </reporter-output>
        </test-method> <!-- logOutFromApplication -->
        <test-method signature="verifySearchButtonFunctionalityWithWrongId()[pri:3, instance:testNgPack.VerifyForgotPasswordFunctionality@3fc2959f]" started-at="2024-02-28T19:16:08 IST" name="verifySearchButtonFunctionalityWithWrongId" finished-at="2024-02-28T19:16:11 IST" duration-ms="2438" status="PASS">
          <reporter-output>
          </reporter-output>
        </test-method> <!-- verifySearchButtonFunctionalityWithWrongId -->
        <test-method is-config="true" signature="logOutFromApplication(org.testng.ITestResult)[pri:0, instance:testNgPack.VerifyForgotPasswordFunctionality@3fc2959f]" started-at="2024-02-28T19:16:11 IST" name="logOutFromApplication" finished-at="2024-02-28T19:16:11 IST" duration-ms="1" status="PASS">
          <params>
            <param index="0">
              <value>
                <![CDATA[[TestResult name=verifySearchButtonFunctionalityWithWrongId status=SUCCESS method=VerifyForgotPasswordFunctionality.verifySearchButtonFunctionalityWithWrongId()[pri:3, instance:testNgPack.VerifyForgotPasswordFunctionality@3fc2959f] output={null}]]]>
              </value>
            </param>
          </params>
          <reporter-output>
          </reporter-output>
        </test-method> <!-- logOutFromApplication -->
        <test-method is-config="true" signature="openLoginPage()[pri:0, instance:testNgPack.VerifyForgotPasswordFunctionality@3fc2959f]" started-at="2024-02-28T19:16:11 IST" name="openLoginPage" finished-at="2024-02-28T19:16:13 IST" duration-ms="2116" status="PASS">
          <reporter-output>
          </reporter-output>
        </test-method> <!-- openLoginPage -->
        <test-method signature="verifySearchButtonFunctionalityWithCorrectId()[pri:4, instance:testNgPack.VerifyForgotPasswordFunctionality@3fc2959f]" started-at="2024-02-28T19:16:13 IST" name="verifySearchButtonFunctionalityWithCorrectId" finished-at="2024-02-28T19:16:15 IST" duration-ms="2393" status="PASS">
          <reporter-output>
          </reporter-output>
        </test-method> <!-- verifySearchButtonFunctionalityWithCorrectId -->
        <test-method is-config="true" signature="logOutFromApplication(org.testng.ITestResult)[pri:0, instance:testNgPack.VerifyForgotPasswordFunctionality@3fc2959f]" started-at="2024-02-28T19:16:15 IST" name="logOutFromApplication" finished-at="2024-02-28T19:16:15 IST" duration-ms="1" status="PASS">
          <params>
            <param index="0">
              <value>
                <![CDATA[[TestResult name=verifySearchButtonFunctionalityWithCorrectId status=SUCCESS method=VerifyForgotPasswordFunctionality.verifySearchButtonFunctionalityWithCorrectId()[pri:4, instance:testNgPack.VerifyForgotPasswordFunctionality@3fc2959f] output={null}]]]>
              </value>
            </param>
          </params>
          <reporter-output>
          </reporter-output>
        </test-method> <!-- logOutFromApplication -->
        <test-method is-config="true" signature="clearObjects()[pri:0, instance:testNgPack.VerifyForgotPasswordFunctionality@3fc2959f]" started-at="2024-02-28T19:16:15 IST" name="clearObjects" finished-at="2024-02-28T19:16:15 IST" duration-ms="1" status="PASS">
          <reporter-output>
          </reporter-output>
        </test-method> <!-- clearObjects -->
        <test-method is-config="true" signature="closeBrowser()[pri:0, instance:testNgPack.VerifyForgotPasswordFunctionality@3fc2959f]" started-at="2024-02-28T19:16:15 IST" name="closeBrowser" finished-at="2024-02-28T19:16:17 IST" duration-ms="1895" status="PASS">
          <reporter-output>
          </reporter-output>
        </test-method> <!-- closeBrowser -->
      </class> <!-- testNgPack.VerifyForgotPasswordFunctionality -->
      <class name="testNgPack.VerifyLoginAndCreteNewAccFunctionality">
        <test-method is-config="true" signature="openBrowser(java.lang.String)[pri:0, instance:testNgPack.VerifyLoginAndCreteNewAccFunctionality@10683d9d]" started-at="2024-02-28T19:15:45 IST" name="openBrowser" finished-at="2024-02-28T19:15:54 IST" duration-ms="9171" status="PASS">
          <params>
            <param index="0">
              <value>
                <![CDATA[Firefox]]>
              </value>
            </param>
          </params>
          <reporter-output>
          </reporter-output>
        </test-method> <!-- openBrowser -->
        <test-method is-config="true" signature="createPOMObject()[pri:0, instance:testNgPack.VerifyLoginAndCreteNewAccFunctionality@10683d9d]" started-at="2024-02-28T19:15:54 IST" name="createPOMObject" finished-at="2024-02-28T19:15:54 IST" duration-ms="2" status="PASS">
          <reporter-output>
          </reporter-output>
        </test-method> <!-- createPOMObject -->
        <test-method is-config="true" signature="openLogInPageOnApplication()[pri:0, instance:testNgPack.VerifyLoginAndCreteNewAccFunctionality@10683d9d]" started-at="2024-02-28T19:15:54 IST" name="openLogInPageOnApplication" finished-at="2024-02-28T19:15:56 IST" duration-ms="1888" status="PASS">
          <reporter-output>
          </reporter-output>
        </test-method> <!-- openLogInPageOnApplication -->
        <test-method signature="verifyLoginFunctionality()[pri:1, instance:testNgPack.VerifyLoginAndCreteNewAccFunctionality@10683d9d]" started-at="2024-02-28T19:15:56 IST" name="verifyLoginFunctionality" finished-at="2024-02-28T19:15:58 IST" duration-ms="1923" status="PASS">
          <reporter-output>
          </reporter-output>
        </test-method> <!-- verifyLoginFunctionality -->
        <test-method is-config="true" signature="logOutFromApplication(org.testng.ITestResult)[pri:0, instance:testNgPack.VerifyLoginAndCreteNewAccFunctionality@10683d9d]" started-at="2024-02-28T19:15:58 IST" name="logOutFromApplication" finished-at="2024-02-28T19:15:58 IST" duration-ms="0" status="PASS">
          <params>
            <param index="0">
              <value>
                <![CDATA[[TestResult name=verifyLoginFunctionality status=SUCCESS method=VerifyLoginAndCreteNewAccFunctionality.verifyLoginFunctionality()[pri:1, instance:testNgPack.VerifyLoginAndCreteNewAccFunctionality@10683d9d] output={null}]]]>
              </value>
            </param>
          </params>
          <reporter-output>
          </reporter-output>
        </test-method> <!-- logOutFromApplication -->
        <test-method is-config="true" signature="openLogInPageOnApplication()[pri:0, instance:testNgPack.VerifyLoginAndCreteNewAccFunctionality@10683d9d]" started-at="2024-02-28T19:15:58 IST" name="openLogInPageOnApplication" finished-at="2024-02-28T19:15:59 IST" duration-ms="978" status="PASS">
          <reporter-output>
          </reporter-output>
        </test-method> <!-- openLogInPageOnApplication -->
        <test-method signature="creatNewAccFormFunctionality()[pri:2, instance:testNgPack.VerifyLoginAndCreteNewAccFunctionality@10683d9d]" started-at="2024-02-28T19:15:59 IST" name="creatNewAccFormFunctionality" finished-at="2024-02-28T19:16:13 IST" duration-ms="13616" status="PASS">
          <reporter-output>
          </reporter-output>
        </test-method> <!-- creatNewAccFormFunctionality -->
        <test-method is-config="true" signature="logOutFromApplication(org.testng.ITestResult)[pri:0, instance:testNgPack.VerifyLoginAndCreteNewAccFunctionality@10683d9d]" started-at="2024-02-28T19:16:13 IST" name="logOutFromApplication" finished-at="2024-02-28T19:16:13 IST" duration-ms="1" status="PASS">
          <params>
            <param index="0">
              <value>
                <![CDATA[[TestResult name=creatNewAccFormFunctionality status=SUCCESS method=VerifyLoginAndCreteNewAccFunctionality.creatNewAccFormFunctionality()[pri:2, instance:testNgPack.VerifyLoginAndCreteNewAccFunctionality@10683d9d] output={null}]]]>
              </value>
            </param>
          </params>
          <reporter-output>
          </reporter-output>
        </test-method> <!-- logOutFromApplication -->
        <test-method is-config="true" signature="clearObjects()[pri:0, instance:testNgPack.VerifyLoginAndCreteNewAccFunctionality@10683d9d]" started-at="2024-02-28T19:16:13 IST" name="clearObjects" finished-at="2024-02-28T19:16:13 IST" duration-ms="0" status="PASS">
          <reporter-output>
          </reporter-output>
        </test-method> <!-- clearObjects -->
        <test-method is-config="true" signature="closeBrowser()[pri:0, instance:testNgPack.VerifyLoginAndCreteNewAccFunctionality@10683d9d]" started-at="2024-02-28T19:16:17 IST" name="closeBrowser" finished-at="2024-02-28T19:16:19 IST" duration-ms="1267" status="PASS">
          <reporter-output>
          </reporter-output>
        </test-method> <!-- closeBrowser -->
      </class> <!-- testNgPack.VerifyLoginAndCreteNewAccFunctionality -->
    </test> <!-- FirefoxTest -->
  </suite> <!-- Suite_2 -->
</testng-results>
