<?xml version="1.0" encoding="UTF-8"?>
<!-- Generated by org.testng.reporters.JUnitXMLReporter -->
<testsuite ignored="0" hostname="DESKTOP-BHR3PSD" failures="1" tests="6" name="ChromeTest" time="27.603" errors="0" timestamp="2024-02-25T11:05:36 IST">
  <testcase classname="testNgPack.VerifyForgotPasswordFunctionality" name="verifyTextOnForgotPasswordPage" time="0.082"/>
  <testcase classname="testNgPack.VerifyLoginAndCreteNewAccFunctionality" name="verifyLoginFunctionality" time="3.621">
    <failure type="java.lang.AssertionError" message="expected [The email address or mobile number you entered isn&amp;apos;t connected to an account. Find your account and log ] but found [The email address or mobile number you entered isn&amp;apos;t connected to an account. Find your account and log in.]">
      <![CDATA[java.lang.AssertionError: expected [The email address or mobile number you entered isn't connected to an account. Find your account and log ] but found [The email address or mobile number you entered isn't connected to an account. Find your account and log in.]
at testNgPack.VerifyLoginAndCreteNewAccFunctionality.verifyLoginFunctionality(VerifyLoginAndCreteNewAccFunctionality.java:82)
at java.base/java.util.concurrent.Executors$RunnableAdapter.call(Executors.java:539)
at java.base/java.util.concurrent.FutureTask.run(FutureTask.java:264)
at java.base/java.util.concurrent.ThreadPoolExecutor.runWorker(ThreadPoolExecutor.java:1136)
at java.base/java.util.concurrent.ThreadPoolExecutor$Worker.run(ThreadPoolExecutor.java:635)
at java.base/java.lang.Thread.run(Thread.java:833)
... Removed 19 stack frames]]>
    </failure>
  </testcase> <!-- verifyLoginFunctionality -->
  <testcase classname="testNgPack.VerifyForgotPasswordFunctionality" name="verifyCancelButtonOnForgotPasswordPage" time="1.049"/>
  <testcase classname="testNgPack.VerifyForgotPasswordFunctionality" name="verifySearchButtonFunctionalityWithWrongId" time="3.094"/>
  <testcase classname="testNgPack.VerifyForgotPasswordFunctionality" name="verifySearchButtonFunctionalityWithCorrectId" time="3.144"/>
  <testcase classname="testNgPack.VerifyLoginAndCreteNewAccFunctionality" name="creatNewAccFormFunctionality" time="16.226"/>
</testsuite> <!-- ChromeTest -->
