<?xml version="1.0" encoding="UTF-8"?>
<!-- Generated by org.testng.reporters.JUnitXMLReporter -->
<testsuite ignored="0" hostname="DESKTOP-BHR3PSD" failures="0" tests="6" name="Test_2" time="34.287" errors="0" timestamp="2024-02-22T18:15:06 IST">
  <testcase classname="testNgPack.VerifyLoginAndCreteNewAccFunctionality" name="verifyLoginFunctionality" time="3.173"/>
  <testcase classname="testNgPack.VerifyLoginAndCreteNewAccFunctionality" name="creatNewAccFormFunctionality" time="11.716"/>
  <testcase classname="testNgPack.VerifyForgotPasswordFunctionality" name="verifyTextOnForgotPasswordPage" time="0.1"/>
  <testcase classname="testNgPack.VerifyForgotPasswordFunctionality" name="verifyCancelButtonOnForgotPasswordPage" time="0.844"/>
  <testcase classname="testNgPack.VerifyForgotPasswordFunctionality" name="verifySearchButtonFunctionalityWithWrongId" time="2.424"/>
  <testcase classname="testNgPack.VerifyForgotPasswordFunctionality" name="verifySearchButtonFunctionalityWithCorrectId" time="2.46"/>
</testsuite> <!-- Test_2 -->
